============================================================
PhishGuard Stage-1 MVP - Launcher Starting
Timestamp: Sat Dec  6 20:47:29 2025
============================================================

[STEP 1] Starting ML analyzer and mitmproxy...

[PhishGuard] STARTING ANALYZER
[PhishGuard] Python executable: C:\Users\Karthik Maiya\AppData\Local\Programs\Python\Python311\python.exe
[PhishGuard] Working directory: C:\Users\Karthik Maiya\Desktop\PhishGuard_v2
[PhishGuard] Analyzer script: C:\Users\Karthik Maiya\Desktop\PhishGuard_v2\analyzer\serve_ml.py
[PhishGuard] [OK] Analyzer subprocess launched (PID: 30192)
[PhishGuard] [OK] Analyzer is READY (score endpoint OK)
[PhishGuard] HTTP Status: 200
[PhishGuard] Response: {"url":"http://google.com","score":0.384003,"risk":"low","reasons":[]}

[STEP 2] Starting mitmproxy (mitmdump)...

[PhishGuard] STARTING MITMPROXY
[PhishGuard] Exact command: mitmdump -s C:\Users\Karthik Maiya\Desktop\PhishGuard_v2\proxy_simple.py --listen-host 127.0.0.1 --listen-port 8080
[PhishGuard] Proxy script: C:\Users\Karthik Maiya\Desktop\PhishGuard_v2\proxy_simple.py
[PhishGuard] Debug log: C:\Users\Karthik Maiya\Desktop\PhishGuard_v2\mitmproxy_debug.log
[PhishGuard] Working directory: C:\Users\Karthik Maiya\Desktop\PhishGuard_v2
[PhishGuard] ✅ Subprocess launched (PID: 30232)
[PhishGuard] Debug output written to: C:\Users\Karthik Maiya\Desktop\PhishGuard_v2\mitmproxy_debug.log
[PhishGuard] ✅ Subprocess is running (still alive)

[STEP 2] Verifying proxy is listening on 127.0.0.1:8080...
[PhishGuard] ✅ Proxy is READY on 127.0.0.1:8080 (detected after 0.0s, attempt 1)

[STEP 3] Launching Chrome with proxy configuration...

[PhishGuard] STARTING CHROME
[PhishGuard] Chrome path: C:\Program Files\Google\Chrome\Application\chrome.exe
[PhishGuard] Proxy URL: 127.0.0.1:8080
[PhishGuard] Chrome command: C:\Program Files\Google\Chrome\Application\chrome.exe --proxy-server=127.0.0.1:8080 --ignore-certificate-errors --allow-insecure-localhost
[PhishGuard] ✅ Chrome launched (PID: 30528)
[PhishGuard] Using default user profile (no new profile created)
[PhishGuard] System proxy settings: UNCHANGED

[STEP 4] PhishGuard is ACTIVE and monitoring...
[PhishGuard] mitmproxy PID: 30232
[PhishGuard] Chrome PID: 30528
[PhishGuard] Listening on: 127.0.0.1:8080
[PhishGuard] (Close Chrome to exit, Ctrl+C to force stop)
============================================================

[PhishGuard] Chrome closed by user
[PhishGuard] Keeping proxy alive for 5 more seconds...

[PhishGuard] Shutting down...
[PhishGuard] Terminating mitmproxy...
[PhishGuard] Protection stopped
[PhishGuard] System proxy settings: UNCHANGED
============================================================
